[2017-03-07 00:14:01] START
[2017-03-07 10:02:23] CREATE default/following.html: 0
[2017-03-07 10:37:59] EDIT pixel/views/default/following.html: 0
[2017-03-07 10:38:09] EDIT pixel/views/default/following.html: 0
[2017-03-07 10:38:34] EDIT pixel/views/default/following.html: -1
[2017-03-07 10:41:44] EDIT pixel/views/main.html: 0
[2017-03-07 10:48:37] EDIT pixel/views/main.html: 0
[2017-03-07 10:49:34] EDIT pixel/controllers/default.py: 3
[2017-03-07 11:06:35] EDIT pixel/views/default/following.html: 304
[2017-03-07 11:55:23] EDIT pixel/controllers/default.py: 6
[2017-03-07 12:13:25] EDIT pixel/controllers/default.py: 4
[2017-03-07 12:13:56] EDIT pixel/controllers/default.py: 0
[2017-03-07 12:15:16] EDIT pixel/views/default/following.html: 0
[2017-03-07 12:15:24] EDIT pixel/views/default/following.html: 0
[2017-03-07 12:16:09] EDIT pixel/views/default/following.html: 0
[2017-03-07 12:16:36] EDIT pixel/controllers/default.py: 0
[2017-03-07 12:25:57] EDIT pixel/controllers/default.py: 0
[2017-03-07 12:30:33] EDIT pixel/controllers/default.py: 0
[2017-03-07 12:30:44] EDIT pixel/controllers/default.py: 0
[2017-03-07 12:31:16] EDIT pixel/controllers/default.py: 0
[2017-03-07 12:31:26] EDIT pixel/controllers/default.py: 0
[2017-03-07 12:34:32] EDIT pixel/controllers/default.py: 1
[2017-03-07 12:34:51] EDIT pixel/controllers/default.py: -5
[2017-03-07 12:35:15] EDIT pixel/controllers/default.py: 0
[2017-03-07 12:35:30] EDIT pixel/controllers/default.py: -1
[2017-03-07 12:37:01] EDIT pixel/controllers/default.py: 1
[2017-03-07 12:38:02] EDIT pixel/views/default/following.html: 1
[2017-03-07 12:38:08] EDIT pixel/views/default/following.html: 1
[2017-03-07 12:39:22] EDIT pixel/views/default/following.html: 0
[2017-03-07 12:42:25] EDIT pixel/controllers/default.py: 1
[2017-03-07 12:42:56] EDIT pixel/controllers/default.py: 0
[2017-03-07 12:48:10] EDIT pixel/controllers/default.py: 0
[2017-03-07 12:48:44] EDIT pixel/controllers/default.py: 5
[2017-03-07 12:49:08] EDIT pixel/controllers/default.py: 0
[2017-03-07 12:50:16] EDIT pixel/controllers/default.py: 0
[2017-03-07 12:52:09] EDIT pixel/controllers/default.py: 0
[2017-03-07 12:52:18] EDIT pixel/controllers/default.py: 0
[2017-03-07 12:52:39] EDIT pixel/controllers/default.py: 0
[2017-03-07 12:52:53] EDIT pixel/controllers/default.py: 0
[2017-03-07 12:53:14] EDIT pixel/controllers/default.py: -1
[2017-03-07 12:55:18] EDIT pixel/controllers/default.py: 0
[2017-03-07 12:59:00] EDIT pixel/controllers/default.py: 1
[2017-03-07 12:59:07] EDIT pixel/controllers/default.py: -4
[2017-03-07 12:59:19] EDIT pixel/controllers/default.py: 0
[2017-03-07 12:59:26] EDIT pixel/controllers/default.py: 0
[2017-03-07 13:00:39] EDIT pixel/controllers/default.py: 4
[2017-03-07 13:01:44] EDIT pixel/controllers/default.py: -2
[2017-03-07 13:01:54] EDIT pixel/controllers/default.py: -1
[2017-03-07 13:03:37] EDIT pixel/controllers/default.py: 1
[2017-03-07 13:04:33] EDIT pixel/controllers/default.py: 1
[2017-03-07 13:04:50] EDIT pixel/controllers/default.py: -1
[2017-03-07 13:05:31] EDIT pixel/controllers/default.py: 0
[2017-03-07 13:06:12] EDIT pixel/controllers/default.py: 4
[2017-03-07 13:06:17] EDIT pixel/controllers/default.py: -2
[2017-03-07 13:06:47] EDIT pixel/controllers/default.py: 1
[2017-03-07 13:12:18] EDIT pixel/controllers/default.py: 0
[2017-03-07 13:19:37] EDIT pixel/controllers/default.py: 0
[2017-03-07 13:21:12] EDIT pixel/controllers/default.py: 1
[2017-03-07 13:21:17] EDIT pixel/controllers/default.py: 1
[2017-03-07 13:22:46] EDIT pixel/controllers/default.py: 0
[2017-03-07 13:23:12] EDIT pixel/controllers/default.py: -6
[2017-03-07 13:23:14] EDIT pixel/controllers/default.py: 0
[2017-03-07 13:23:16] EDIT pixel/controllers/default.py: 0
[2017-03-07 13:23:51] EDIT pixel/controllers/default.py: 0
[2017-03-07 13:24:20] EDIT pixel/controllers/default.py: 6
[2017-03-07 13:24:46] EDIT pixel/controllers/default.py: 0
[2017-03-07 13:25:04] EDIT pixel/controllers/default.py: 0
[2017-03-07 13:26:17] EDIT pixel/controllers/default.py: 1
[2017-03-07 13:27:01] EDIT pixel/controllers/default.py: 0
[2017-03-07 13:27:33] EDIT pixel/controllers/default.py: 0
[2017-03-07 13:27:39] EDIT pixel/controllers/default.py: 0
[2017-03-07 13:28:19] EDIT pixel/controllers/default.py: 0
[2017-03-07 13:28:27] EDIT pixel/controllers/default.py: -7
[2017-03-07 13:28:48] EDIT pixel/controllers/default.py: 0
[2017-03-07 13:28:57] EDIT pixel/controllers/default.py: 0
[2017-03-07 13:28:59] EDIT pixel/controllers/default.py: 0
[2017-03-07 13:29:22] EDIT pixel/controllers/default.py: 7
[2017-03-07 13:29:31] EDIT pixel/controllers/default.py: 0
[2017-03-07 13:29:41] EDIT pixel/controllers/default.py: 0
[2017-03-07 13:29:47] EDIT pixel/controllers/default.py: -6
[2017-03-07 13:30:35] EDIT pixel/controllers/default.py: 4
[2017-03-07 13:30:39] EDIT pixel/controllers/default.py: 0
[2017-03-07 13:41:06] EDIT pixel/views/default/following.html: 2
[2017-03-07 13:44:02] EDIT pixel/views/default/following.html: 0
[2017-03-07 13:44:40] EDIT pixel/views/default/following.html: 0
[2017-03-07 13:44:59] EDIT pixel/views/default/following.html: 0
[2017-03-07 13:50:56] EDIT pixel/views/default/following.html: 0
[2017-03-07 13:52:01] EDIT pixel/views/default/following.html: 1
[2017-03-07 13:52:05] EDIT pixel/views/default/following.html: 0
[2017-03-07 13:52:40] EDIT pixel/views/default/following.html: -2
[2017-03-07 14:28:21] EDIT pixel/controllers/default.py: -1
[2017-03-07 14:28:31] EDIT pixel/controllers/default.py: 0
[2017-03-07 22:07:36] EDIT pixel/controllers/default.py: 1
[2017-03-07 22:08:08] EDIT pixel/controllers/default.py: 1
[2017-03-07 22:08:44] EDIT pixel/controllers/default.py: 0
[2017-03-07 22:09:05] EDIT pixel/controllers/default.py: 0
[2017-03-13 17:10:37] UPLOAD /Users/boyang/Desktop/web2py.app/Contents/Resources/applications/pixel/static/images.thumbsUp.png: 24
[2017-03-13 17:10:57] DELETE pixel/static/images.thumbsUp.png: -24
[2017-03-13 17:12:39] UPLOAD /Users/boyang/Desktop/web2py.app/Contents/Resources/applications/pixel/static/thumbsUp.png: 24
[2017-03-13 17:12:51] DELETE pixel/static/thumbsUp.png: -24
[2017-03-13 17:13:09] UPLOAD /Users/boyang/Desktop/web2py.app/Contents/Resources/applications/pixel/static/images/thumbsUp.png: 24
[2017-03-13 22:19:39] CREATE default/popular.html: 0
